<?xml version="1.0" encoding="UTF-8"?>
<coverage generated="1763895746411" clover="3.2.0">
  <project timestamp="1763895746411" name="All files">
    <metrics statements="39" coveredstatements="35" conditionals="10" coveredconditionals="4" methods="11" coveredmethods="9" elements="60" coveredelements="48" complexity="0" loc="39" ncloc="39" packages="3" files="4" classes="4"/>
    <package name="api-gateway">
      <metrics statements="17" coveredstatements="17" conditionals="2" coveredconditionals="1" methods="3" coveredmethods="3"/>
      <file name="app.js" path="/Users/nightblue/Developer/githubreps/grupo6-arquitecturasoftware/api-gateway/app.js">
        <metrics statements="17" coveredstatements="17" conditionals="2" coveredconditionals="1" methods="3" coveredmethods="3"/>
        <line num="3" count="13" type="stmt"/>
        <line num="4" count="13" type="stmt"/>
        <line num="5" count="13" type="stmt"/>
        <line num="6" count="13" type="stmt"/>
        <line num="9" count="13" type="stmt"/>
        <line num="11" count="13" type="stmt"/>
        <line num="14" count="13" type="stmt"/>
        <line num="17" count="13" type="stmt"/>
        <line num="25" count="13" type="stmt"/>
        <line num="26" count="6" type="stmt"/>
        <line num="34" count="13" type="stmt"/>
        <line num="35" count="8" type="stmt"/>
        <line num="36" count="8" type="stmt"/>
        <line num="43" count="13" type="stmt"/>
        <line num="46" count="13" type="stmt"/>
        <line num="47" count="5" type="stmt"/>
        <line num="56" count="13" type="stmt"/>
      </file>
    </package>
    <package name="api-gateway.config">
      <metrics statements="1" coveredstatements="1" conditionals="0" coveredconditionals="0" methods="0" coveredmethods="0"/>
      <file name="services.js" path="/Users/nightblue/Developer/githubreps/grupo6-arquitecturasoftware/api-gateway/config/services.js">
        <metrics statements="1" coveredstatements="1" conditionals="0" coveredconditionals="0" methods="0" coveredmethods="0"/>
        <line num="5" count="13" type="stmt"/>
      </file>
    </package>
    <package name="api-gateway.services">
      <metrics statements="21" coveredstatements="17" conditionals="8" coveredconditionals="3" methods="8" coveredmethods="6"/>
      <file name="index.js" path="/Users/nightblue/Developer/githubreps/grupo6-arquitecturasoftware/api-gateway/services/index.js">
        <metrics statements="10" coveredstatements="10" conditionals="0" coveredconditionals="0" methods="4" coveredmethods="4"/>
        <line num="5" count="13" type="stmt"/>
        <line num="6" count="13" type="stmt"/>
        <line num="14" count="13" type="stmt"/>
        <line num="17" count="13" type="stmt"/>
        <line num="19" count="130" type="stmt"/>
        <line num="22" count="130" type="stmt"/>
        <line num="24" count="130" type="stmt"/>
        <line num="27" count="13" type="stmt"/>
        <line num="36" count="80" type="stmt"/>
        <line num="44" count="13" type="stmt"/>
      </file>
      <file name="proxyFactory.js" path="/Users/nightblue/Developer/githubreps/grupo6-arquitecturasoftware/api-gateway/services/proxyFactory.js">
        <metrics statements="11" coveredstatements="7" conditionals="8" coveredconditionals="3" methods="4" coveredmethods="2"/>
        <line num="5" count="13" type="stmt"/>
        <line num="18" count="130" type="stmt"/>
        <line num="20" count="130" type="stmt"/>
        <line num="28" count="79" type="cond" truecount="2" falsecount="0"/>
        <line num="30" count="79" type="stmt"/>
        <line num="32" count="79" type="stmt"/>
        <line num="37" count="0" type="stmt"/>
        <line num="39" count="0" type="stmt"/>
        <line num="49" count="0" type="cond" truecount="0" falsecount="2"/>
        <line num="50" count="0" type="stmt"/>
        <line num="62" count="13" type="stmt"/>
      </file>
    </package>
  </project>
</coverage>
