{"/Users/nightblue/Developer/githubreps/grupo6-arquitecturasoftware/api-gateway/app.js": {"path":"/Users/nightblue/Developer/githubreps/grupo6-arquitecturasoftware/api-gateway/app.js","statementMap":{"0":{"start":{"line":3,"column":16},"end":{"line":3,"column":34}},"1":{"start":{"line":4,"column":15},"end":{"line":4,"column":32}},"2":{"start":{"line":5,"column":13},"end":{"line":5,"column":28}},"3":{"start":{"line":6,"column":0},"end":{"line":6,"column":27}},"4":{"start":{"line":9,"column":46},"end":{"line":9,"column":67}},"5":{"start":{"line":11,"column":12},"end":{"line":11,"column":21}},"6":{"start":{"line":14,"column":0},"end":{"line":14,"column":23}},"7":{"start":{"line":17,"column":0},"end":{"line":20,"column":4}},"8":{"start":{"line":25,"column":0},"end":{"line":31,"column":3}},"9":{"start":{"line":26,"column":4},"end":{"line":30,"column":7}},"10":{"start":{"line":34,"column":0},"end":{"line":40,"column":3}},"11":{"start":{"line":35,"column":21},"end":{"line":35,"column":38}},"12":{"start":{"line":36,"column":4},"end":{"line":39,"column":7}},"13":{"start":{"line":43,"column":0},"end":{"line":43,"column":22}},"14":{"start":{"line":46,"column":0},"end":{"line":53,"column":3}},"15":{"start":{"line":47,"column":4},"end":{"line":52,"column":7}},"16":{"start":{"line":56,"column":0},"end":{"line":56,"column":21}}},"fnMap":{"0":{"name":"(anonymous_0)","decl":{"start":{"line":25,"column":19},"end":{"line":25,"column":20}},"loc":{"start":{"line":25,"column":33},"end":{"line":31,"column":1}},"line":25},"1":{"name":"(anonymous_1)","decl":{"start":{"line":34,"column":21},"end":{"line":34,"column":22}},"loc":{"start":{"line":34,"column":35},"end":{"line":40,"column":1}},"line":34},"2":{"name":"(anonymous_2)","decl":{"start":{"line":46,"column":8},"end":{"line":46,"column":9}},"loc":{"start":{"line":46,"column":22},"end":{"line":53,"column":1}},"line":46}},"branchMap":{"0":{"loc":{"start":{"line":18,"column":12},"end":{"line":18,"column":63}},"type":"binary-expr","locations":[{"start":{"line":18,"column":12},"end":{"line":18,"column":36}},{"start":{"line":18,"column":40},"end":{"line":18,"column":63}}],"line":18}},"s":{"0":1,"1":1,"2":1,"3":1,"4":1,"5":1,"6":1,"7":1,"8":1,"9":0,"10":1,"11":0,"12":0,"13":1,"14":1,"15":0,"16":1},"f":{"0":0,"1":0,"2":0},"b":{"0":[1,0]},"_coverageSchema":"1a1c01bbd47fc00a2c39e90264f33305004495a9","hash":"69adaed8707c1d10b6aebd1a9af952d79aaeb82f"}
,"/Users/nightblue/Developer/githubreps/grupo6-arquitecturasoftware/api-gateway/config/services.js": {"path":"/Users/nightblue/Developer/githubreps/grupo6-arquitecturasoftware/api-gateway/config/services.js","statementMap":{"0":{"start":{"line":5,"column":0},"end":{"line":85,"column":2}}},"fnMap":{},"branchMap":{},"s":{"0":1},"f":{},"b":{},"_coverageSchema":"1a1c01bbd47fc00a2c39e90264f33305004495a9","hash":"94448dcbbe3bb0d80d1ea7eedcf46950a6dceb8e"}
,"/Users/nightblue/Developer/githubreps/grupo6-arquitecturasoftware/api-gateway/services/index.js": {"path":"/Users/nightblue/Developer/githubreps/grupo6-arquitecturasoftware/api-gateway/services/index.js","statementMap":{"0":{"start":{"line":5,"column":23},"end":{"line":5,"column":52}},"1":{"start":{"line":6,"column":31},"end":{"line":6,"column":56}},"2":{"start":{"line":14,"column":2},"end":{"line":14,"column":55}},"3":{"start":{"line":17,"column":2},"end":{"line":25,"column":5}},"4":{"start":{"line":19,"column":28},"end":{"line":19,"column":54}},"5":{"start":{"line":22,"column":4},"end":{"line":22,"column":44}},"6":{"start":{"line":24,"column":4},"end":{"line":24,"column":95}},"7":{"start":{"line":27,"column":2},"end":{"line":27,"column":73}},"8":{"start":{"line":36,"column":2},"end":{"line":41,"column":6}},"9":{"start":{"line":36,"column":65},"end":{"line":41,"column":3}},"10":{"start":{"line":44,"column":0},"end":{"line":48,"column":2}}},"fnMap":{"0":{"name":"registerServices","decl":{"start":{"line":13,"column":9},"end":{"line":13,"column":25}},"loc":{"start":{"line":13,"column":31},"end":{"line":28,"column":1}},"line":13},"1":{"name":"(anonymous_1)","decl":{"start":{"line":17,"column":41},"end":{"line":17,"column":42}},"loc":{"start":{"line":17,"column":68},"end":{"line":25,"column":3}},"line":17},"2":{"name":"getServicesInfo","decl":{"start":{"line":35,"column":9},"end":{"line":35,"column":24}},"loc":{"start":{"line":35,"column":27},"end":{"line":42,"column":1}},"line":35},"3":{"name":"(anonymous_3)","decl":{"start":{"line":36,"column":44},"end":{"line":36,"column":45}},"loc":{"start":{"line":36,"column":65},"end":{"line":41,"column":3}},"line":36}},"branchMap":{},"s":{"0":1,"1":1,"2":1,"3":1,"4":10,"5":10,"6":10,"7":1,"8":0,"9":0,"10":1},"f":{"0":1,"1":10,"2":0,"3":0},"b":{},"_coverageSchema":"1a1c01bbd47fc00a2c39e90264f33305004495a9","hash":"6e2f84091a8e645cc940edd08b755d177d3faa4c"}
,"/Users/nightblue/Developer/githubreps/grupo6-arquitecturasoftware/api-gateway/services/proxyFactory.js": {"path":"/Users/nightblue/Developer/githubreps/grupo6-arquitecturasoftware/api-gateway/services/proxyFactory.js","statementMap":{"0":{"start":{"line":5,"column":34},"end":{"line":5,"column":66}},"1":{"start":{"line":18,"column":52},"end":{"line":18,"column":58}},"2":{"start":{"line":20,"column":2},"end":{"line":59,"column":5}},"3":{"start":{"line":28,"column":22},"end":{"line":28,"column":61}},"4":{"start":{"line":30,"column":6},"end":{"line":30,"column":80}},"5":{"start":{"line":32,"column":6},"end":{"line":32,"column":21}},"6":{"start":{"line":37,"column":6},"end":{"line":37,"column":77}},"7":{"start":{"line":39,"column":6},"end":{"line":44,"column":9}},"8":{"start":{"line":49,"column":6},"end":{"line":51,"column":7}},"9":{"start":{"line":50,"column":8},"end":{"line":50,"column":101}},"10":{"start":{"line":62,"column":0},"end":{"line":62,"column":40}}},"fnMap":{"0":{"name":"createServiceProxy","decl":{"start":{"line":17,"column":9},"end":{"line":17,"column":27}},"loc":{"start":{"line":17,"column":36},"end":{"line":60,"column":1}},"line":17},"1":{"name":"(anonymous_1)","decl":{"start":{"line":25,"column":17},"end":{"line":25,"column":18}},"loc":{"start":{"line":25,"column":32},"end":{"line":33,"column":5}},"line":25},"2":{"name":"(anonymous_2)","decl":{"start":{"line":36,"column":13},"end":{"line":36,"column":14}},"loc":{"start":{"line":36,"column":32},"end":{"line":45,"column":5}},"line":36},"3":{"name":"(anonymous_3)","decl":{"start":{"line":48,"column":16},"end":{"line":48,"column":17}},"loc":{"start":{"line":48,"column":40},"end":{"line":52,"column":5}},"line":48}},"branchMap":{"0":{"loc":{"start":{"line":28,"column":22},"end":{"line":28,"column":61}},"type":"cond-expr","locations":[{"start":{"line":28,"column":36},"end":{"line":28,"column":54}},{"start":{"line":28,"column":57},"end":{"line":28,"column":61}}],"line":28},"1":{"loc":{"start":{"line":43,"column":17},"end":{"line":43,"column":81}},"type":"cond-expr","locations":[{"start":{"line":43,"column":58},"end":{"line":43,"column":69}},{"start":{"line":43,"column":72},"end":{"line":43,"column":81}}],"line":43},"2":{"loc":{"start":{"line":49,"column":6},"end":{"line":51,"column":7}},"type":"if","locations":[{"start":{"line":49,"column":6},"end":{"line":51,"column":7}},{"start":{},"end":{}}],"line":49},"3":{"loc":{"start":{"line":58,"column":14},"end":{"line":58,"column":71}},"type":"cond-expr","locations":[{"start":{"line":58,"column":55},"end":{"line":58,"column":62}},{"start":{"line":58,"column":65},"end":{"line":58,"column":71}}],"line":58}},"s":{"0":1,"1":10,"2":10,"3":9,"4":9,"5":9,"6":0,"7":0,"8":0,"9":0,"10":1},"f":{"0":10,"1":9,"2":0,"3":0},"b":{"0":[9,0],"1":[0,0],"2":[0,0],"3":[0,10]},"_coverageSchema":"1a1c01bbd47fc00a2c39e90264f33305004495a9","hash":"d297f7e64da7771b30c17d0299b296ffbbe9cd0a"}
}
