TN:
SF:app.js
FN:25,(anonymous_0)
FN:34,(anonymous_1)
FN:46,(anonymous_2)
FNF:3
FNH:3
FNDA:6,(anonymous_0)
FNDA:8,(anonymous_1)
FNDA:5,(anonymous_2)
DA:3,13
DA:4,13
DA:5,13
DA:6,13
DA:9,13
DA:11,13
DA:14,13
DA:17,13
DA:25,13
DA:26,6
DA:34,13
DA:35,8
DA:36,8
DA:43,13
DA:46,13
DA:47,5
DA:56,13
LF:17
LH:17
BRDA:18,0,0,13
BRDA:18,0,1,0
BRF:2
BRH:1
end_of_record
TN:
SF:config/services.js
FNF:0
FNH:0
DA:5,13
LF:1
LH:1
BRF:0
BRH:0
end_of_record
TN:
SF:services/index.js
FN:13,registerServices
FN:17,(anonymous_1)
FN:35,getServicesInfo
FN:36,(anonymous_3)
FNF:4
FNH:4
FNDA:13,registerServices
FNDA:130,(anonymous_1)
FNDA:8,getServicesInfo
FNDA:80,(anonymous_3)
DA:5,13
DA:6,13
DA:14,13
DA:17,13
DA:19,130
DA:22,130
DA:24,130
DA:27,13
DA:36,80
DA:44,13
LF:10
LH:10
BRF:0
BRH:0
end_of_record
TN:
SF:services/proxyFactory.js
FN:17,createServiceProxy
FN:25,(anonymous_1)
FN:36,(anonymous_2)
FN:48,(anonymous_3)
FNF:4
FNH:2
FNDA:130,createServiceProxy
FNDA:79,(anonymous_1)
FNDA:0,(anonymous_2)
FNDA:0,(anonymous_3)
DA:5,13
DA:18,130
DA:20,130
DA:28,79
DA:30,79
DA:32,79
DA:37,0
DA:39,0
DA:49,0
DA:50,0
DA:62,13
LF:11
LH:7
BRDA:28,0,0,38
BRDA:28,0,1,41
BRDA:43,1,0,0
BRDA:43,1,1,0
BRDA:49,2,0,0
BRDA:49,2,1,0
BRDA:58,3,0,0
BRDA:58,3,1,130
BRF:8
BRH:3
end_of_record
