TN:
SF:app.js
FN:25,(anonymous_0)
FN:34,(anonymous_1)
FN:46,(anonymous_2)
FNF:3
FNH:0
FNDA:0,(anonymous_0)
FNDA:0,(anonymous_1)
FNDA:0,(anonymous_2)
DA:3,1
DA:4,1
DA:5,1
DA:6,1
DA:9,1
DA:11,1
DA:14,1
DA:17,1
DA:25,1
DA:26,0
DA:34,1
DA:35,0
DA:36,0
DA:43,1
DA:46,1
DA:47,0
DA:56,1
LF:17
LH:13
BRDA:18,0,0,1
BRDA:18,0,1,0
BRF:2
BRH:1
end_of_record
TN:
SF:config/services.js
FNF:0
FNH:0
DA:5,1
LF:1
LH:1
BRF:0
BRH:0
end_of_record
TN:
SF:services/index.js
FN:13,registerServices
FN:17,(anonymous_1)
FN:35,getServicesInfo
FN:36,(anonymous_3)
FNF:4
FNH:2
FNDA:1,registerServices
FNDA:10,(anonymous_1)
FNDA:0,getServicesInfo
FNDA:0,(anonymous_3)
DA:5,1
DA:6,1
DA:14,1
DA:17,1
DA:19,10
DA:22,10
DA:24,10
DA:27,1
DA:36,0
DA:44,1
LF:10
LH:9
BRF:0
BRH:0
end_of_record
TN:
SF:services/proxyFactory.js
FN:17,createServiceProxy
FN:25,(anonymous_1)
FN:36,(anonymous_2)
FN:48,(anonymous_3)
FNF:4
FNH:2
FNDA:10,createServiceProxy
FNDA:9,(anonymous_1)
FNDA:0,(anonymous_2)
FNDA:0,(anonymous_3)
DA:5,1
DA:18,10
DA:20,10
DA:28,9
DA:30,9
DA:32,9
DA:37,0
DA:39,0
DA:49,0
DA:50,0
DA:62,1
LF:11
LH:7
BRDA:28,0,0,9
BRDA:28,0,1,0
BRDA:43,1,0,0
BRDA:43,1,1,0
BRDA:49,2,0,0
BRDA:49,2,1,0
BRDA:58,3,0,0
BRDA:58,3,1,10
BRF:8
BRH:2
end_of_record
